<?xml version="1.0" encoding="UTF-8"?>
<!-- Generated by org.testng.reporters.JUnitReportReporter -->
<testsuite hostname="INLT1774" name="RahulShettyAcademy.MavenJava.SeleniumTest" tests="2" failures="0" timestamp="19 Dec 2020 19:37:08 GMT" time="0.000" errors="0">
  <testcase name="ElementsUI" time="0.000" classname="RahulShettyAcademy.MavenJava.SeleniumTest"/>
  <testcase name="BrowserAutomation" time="0.000" classname="RahulShettyAcademy.MavenJava.SeleniumTest"/>
</testsuite> <!-- RahulShettyAcademy.MavenJava.SeleniumTest -->
