<?xml version="1.0" encoding="UTF-8"?>
<!-- Generated by org.testng.reporters.JUnitReportReporter -->
<testsuite hostname="INLT1774" name="RahulShettyAcademy.MavenJava.RestAPITest" tests="2" failures="0" timestamp="19 Dec 2020 19:37:08 GMT" time="0.006" errors="0">
  <testcase name="DeleteTwitter" time="0.006" classname="RahulShettyAcademy.MavenJava.RestAPITest"/>
  <testcase name="PostJira" time="0.000" classname="RahulShettyAcademy.MavenJava.RestAPITest"/>
</testsuite> <!-- RahulShettyAcademy.MavenJava.RestAPITest -->
