<?xml version="1.0" encoding="UTF-8"?>
<!-- Generated by org.testng.reporters.JUnitReportReporter -->
<testsuite hostname="INLT1774" name="RahulShettyAcademy.MavenJava.MobileTest" tests="2" failures="0" timestamp="19 Dec 2020 19:37:08 GMT" time="0.001" errors="0">
  <testcase name="IOSApp" time="0.000" classname="RahulShettyAcademy.MavenJava.MobileTest"/>
  <testcase name="NativeAppAndroid" time="0.001" classname="RahulShettyAcademy.MavenJava.MobileTest"/>
</testsuite> <!-- RahulShettyAcademy.MavenJava.MobileTest -->
